<?xml version="1.0" encoding="UTF-8"?>
<!-- Generated by org.testng.reporters.JUnitReportReporter -->
<testsuite hostname="PrashantVICTUS" failures="0" tests="2" name="com.SeleniumBasic.TestNGBasic" time="0.006" errors="0" timestamp="2022-07-26T12:46:51 IST" skipped="0">
  <testcase classname="com.SeleniumBasic.TestNGBasic" name="m5" time="0.001"/>
  <system-out/>
  <testcase classname="com.SeleniumBasic.TestNGBasic" name="m10" time="0.005"/>
  <system-out/>
</testsuite> <!-- com.SeleniumBasic.TestNGBasic -->
