<?xml version="1.0" encoding="UTF-8"?>
<!-- Generated by org.testng.reporters.JUnitReportReporter -->
<testsuite hostname="PrashantVICTUS" failures="0" tests="2" name="HotelBooking.Adactin.TestNGBasic" time="0.006" errors="0" timestamp="2022-04-13T16:08:24 IST" skipped="0">
  <testcase classname="HotelBooking.Adactin.TestNGBasic" name="m10" time="0.005"/>
  <system-out/>
  <testcase classname="HotelBooking.Adactin.TestNGBasic" name="m5" time="0.001"/>
  <system-out/>
</testsuite> <!-- HotelBooking.Adactin.TestNGBasic -->
