<?xml version="1.0" encoding="UTF-8"?>
<!-- Generated by org.testng.reporters.JUnitReportReporter -->
<testsuite hostname="PrashantVICTUS" failures="0" tests="2" name="ImdbTest" time="31.564" errors="0" timestamp="2022-12-04T14:54:10 IST" skipped="0">
  <testcase classname="ImdbTest" name="getReleaseDate" time="15.611"/>
  <system-out/>
  <testcase classname="ImdbTest" name="getCountryName" time="15.953"/>
  <system-out/>
</testsuite> <!-- ImdbTest -->
