<?xml version="1.0" encoding="UTF-8"?>
<!-- Generated by org.testng.reporters.JUnitReportReporter -->
<testsuite hostname="PrashantVICTUS" failures="0" tests="2" name="HotelBooking.Adactin.TestNG" time="0.009" errors="0" timestamp="2022-04-08T18:39:33 IST" skipped="0">
  <testcase classname="HotelBooking.Adactin.TestNG" name="m5" time="0.002"/>
  <system-out/>
  <testcase classname="HotelBooking.Adactin.TestNG" name="m10" time="0.007"/>
  <system-out/>
</testsuite> <!-- HotelBooking.Adactin.TestNG -->
