<?xml version="1.0" encoding="UTF-8"?>
<!-- Generated by org.testng.reporters.JUnitReportReporter -->
<testsuite hostname="PrashantVICTUS" failures="0" tests="2" name="WikiTest" time="19.086" errors="0" timestamp="2022-12-04T14:57:06 IST" skipped="0">
  <testcase classname="WikiTest" name="getReleaseDate" time="7.657"/>
  <system-out/>
  <testcase classname="WikiTest" name="getCountryName" time="11.429"/>
  <system-out/>
</testsuite> <!-- WikiTest -->
