<?xml version="1.0" encoding="UTF-8"?>
<!-- Generated by org.testng.reporters.JUnitReportReporter -->
<testsuite hostname="PrashantVICTUS" failures="0" tests="1" name="Test.WikiTestCase" time="20.845" errors="0" timestamp="2022-12-02T16:43:00 IST" skipped="0">
  <testcase classname="Test.WikiTestCase" name="getReleaseDate" time="20.845"/>
  <system-out/>
</testsuite> <!-- Test.WikiTestCase -->
