<?xml version="1.0" encoding="UTF-8"?>
<!-- Generated by org.testng.reporters.JUnitReportReporter -->
<testsuite hostname="PrashantVICTUS" failures="0" tests="10" name="com.test.LoginFacebookWithDATA_PROVIDER2" time="36.457" errors="0" timestamp="2022-11-24T00:16:00 IST" skipped="0">
  <testcase classname="com.test.LoginFacebookWithDATA_PROVIDER2" name="test1" time="1.865"/>
  <system-out/>
  <testcase classname="com.test.LoginFacebookWithDATA_PROVIDER2" name="test2" time="2.051"/>
  <system-out/>
  <testcase classname="com.test.LoginFacebookWithDATA_PROVIDER2" name="test3" time="1.875"/>
  <system-out/>
  <testcase classname="com.test.LoginFacebookWithDATA_PROVIDER2" name="test5" time="2.863"/>
  <system-out/>
  <testcase classname="com.test.LoginFacebookWithDATA_PROVIDER2" name="test3" time="4.764"/>
  <system-out/>
  <testcase classname="com.test.LoginFacebookWithDATA_PROVIDER2" name="test1" time="5.201"/>
  <system-out/>
  <testcase classname="com.test.LoginFacebookWithDATA_PROVIDER2" name="test4" time="3.144"/>
  <system-out/>
  <testcase classname="com.test.LoginFacebookWithDATA_PROVIDER2" name="test4" time="4.477"/>
  <system-out/>
  <testcase classname="com.test.LoginFacebookWithDATA_PROVIDER2" name="test5" time="5.832"/>
  <system-out/>
  <testcase classname="com.test.LoginFacebookWithDATA_PROVIDER2" name="test2" time="4.385"/>
  <system-out/>
</testsuite> <!-- com.test.LoginFacebookWithDATA_PROVIDER2 -->
