<?xml version="1.0" encoding="UTF-8"?>
<!-- Generated by org.testng.reporters.JUnitReportReporter -->
<testsuite hostname="PrashantVICTUS" failures="0" tests="6" name="com.test.Login001" time="107.560" errors="0" timestamp="2022-04-17T18:09:12 IST" skipped="0">
  <testcase classname="com.test.Login001" name="FillData" time="18.737"/>
  <system-out/>
  <testcase classname="com.test.Login001" name="FillData" time="19.341"/>
  <system-out/>
  <testcase classname="com.test.Login001" name="FillData" time="17.019"/>
  <system-out/>
  <testcase classname="com.test.Login001" name="FillData" time="16.682"/>
  <system-out/>
  <testcase classname="com.test.Login001" name="FillData" time="17.305"/>
  <system-out/>
  <testcase classname="com.test.Login001" name="FillData" time="18.476"/>
  <system-out/>
</testsuite> <!-- com.test.Login001 -->
